<?xml version="1.0" encoding="UTF-8"?>
<!-- Generated by org.testng.reporters.JUnitReportReporter -->
<testsuite hostname="DL5310-HPC4763" failures="0" tests="1" name="Homepage.Verifyelements" time="1.499" errors="0" timestamp="2022-10-07T18:50:00 CEST" skipped="0">
  <testcase classname="Homepage.Verifyelements" name="verification" time="1.499"/>
</testsuite> <!-- Homepage.Verifyelements -->
